{"/home/puzzle/atlas-react-testing/tailwind.config.js": {"path":"/home/puzzle/atlas-react-testing/tailwind.config.js","all":true,"statementMap":{"0":{"start":{"line":1,"column":0},"end":{"line":1,"column":43}},"1":{"start":{"line":2,"column":0},"end":{"line":2,"column":16}},"2":{"start":{"line":3,"column":0},"end":{"line":3,"column":12}},"3":{"start":{"line":4,"column":0},"end":{"line":4,"column":33}},"4":{"start":{"line":5,"column":0},"end":{"line":5,"column":38}},"5":{"start":{"line":6,"column":0},"end":{"line":6,"column":4}},"6":{"start":{"line":7,"column":0},"end":{"line":7,"column":10}},"7":{"start":{"line":8,"column":0},"end":{"line":8,"column":13}},"8":{"start":{"line":9,"column":0},"end":{"line":9,"column":15}},"9":{"start":{"line":10,"column":0},"end":{"line":10,"column":27}},"10":{"start":{"line":11,"column":0},"end":{"line":11,"column":29}},"11":{"start":{"line":12,"column":0},"end":{"line":12,"column":28}},"12":{"start":{"line":13,"column":0},"end":{"line":13,"column":8}},"13":{"start":{"line":14,"column":0},"end":{"line":14,"column":14}},"14":{"start":{"line":15,"column":0},"end":{"line":15,"column":26}},"15":{"start":{"line":16,"column":0},"end":{"line":16,"column":8}},"16":{"start":{"line":17,"column":0},"end":{"line":17,"column":15}},"17":{"start":{"line":18,"column":0},"end":{"line":18,"column":26}},"18":{"start":{"line":19,"column":0},"end":{"line":19,"column":8}},"19":{"start":{"line":20,"column":0},"end":{"line":20,"column":6}},"20":{"start":{"line":21,"column":0},"end":{"line":21,"column":4}},"21":{"start":{"line":22,"column":0},"end":{"line":22,"column":12}},"22":{"start":{"line":23,"column":0},"end":{"line":23,"column":31}},"23":{"start":{"line":24,"column":0},"end":{"line":24,"column":4}},"24":{"start":{"line":25,"column":0},"end":{"line":25,"column":1}}},"s":{"0":0,"1":0,"2":0,"3":0,"4":0,"5":0,"6":0,"7":0,"8":0,"9":0,"10":0,"11":0,"12":0,"13":0,"14":0,"15":0,"16":0,"17":0,"18":0,"19":0,"20":0,"21":0,"22":0,"23":0,"24":0},"branchMap":{"0":{"type":"branch","line":1,"loc":{"start":{"line":1,"column":0},"end":{"line":25,"column":-9}},"locations":[{"start":{"line":1,"column":0},"end":{"line":25,"column":-9}}]}},"b":{"0":[0]},"fnMap":{"0":{"name":"(empty-report)","decl":{"start":{"line":1,"column":0},"end":{"line":25,"column":-9}},"loc":{"start":{"line":1,"column":0},"end":{"line":25,"column":-9}},"line":1}},"f":{"0":0}}
,"/home/puzzle/atlas-react-testing/src/App.jsx": {"path":"/home/puzzle/atlas-react-testing/src/App.jsx","all":true,"statementMap":{"0":{"start":{"line":1,"column":0},"end":{"line":1,"column":41}},"1":{"start":{"line":2,"column":0},"end":{"line":2,"column":40}},"2":{"start":{"line":3,"column":0},"end":{"line":3,"column":22}},"4":{"start":{"line":5,"column":0},"end":{"line":5,"column":16}},"5":{"start":{"line":6,"column":0},"end":{"line":6,"column":10}},"6":{"start":{"line":7,"column":0},"end":{"line":7,"column":86}},"7":{"start":{"line":8,"column":0},"end":{"line":8,"column":21}},"8":{"start":{"line":9,"column":0},"end":{"line":9,"column":16}},"9":{"start":{"line":10,"column":0},"end":{"line":10,"column":10}},"11":{"start":{"line":12,"column":0},"end":{"line":12,"column":1}},"13":{"start":{"line":14,"column":0},"end":{"line":14,"column":19}}},"s":{"0":0,"1":0,"2":0,"4":0,"5":0,"6":0,"7":0,"8":0,"9":0,"11":0,"13":0},"branchMap":{"0":{"type":"branch","line":1,"loc":{"start":{"line":1,"column":299},"end":{"line":14,"column":19}},"locations":[{"start":{"line":1,"column":299},"end":{"line":14,"column":19}}]}},"b":{"0":[0]},"fnMap":{"0":{"name":"(empty-report)","decl":{"start":{"line":1,"column":299},"end":{"line":14,"column":19}},"loc":{"start":{"line":1,"column":299},"end":{"line":14,"column":19}},"line":1}},"f":{"0":0}}
,"/home/puzzle/atlas-react-testing/src/MusicPlayer.tsx": {"path":"/home/puzzle/atlas-react-testing/src/MusicPlayer.tsx","all":false,"statementMap":{"0":{"start":{"line":1,"column":0},"end":{"line":1,"column":44}},"1":{"start":{"line":2,"column":0},"end":{"line":2,"column":61}},"2":{"start":{"line":3,"column":0},"end":{"line":3,"column":45}},"3":{"start":{"line":4,"column":0},"end":{"line":4,"column":54}},"5":{"start":{"line":6,"column":0},"end":{"line":6,"column":39}},"6":{"start":{"line":7,"column":0},"end":{"line":7,"column":56}},"7":{"start":{"line":8,"column":0},"end":{"line":8,"column":74}},"8":{"start":{"line":9,"column":0},"end":{"line":9,"column":56}},"10":{"start":{"line":11,"column":0},"end":{"line":11,"column":19}},"11":{"start":{"line":12,"column":0},"end":{"line":12,"column":68}},"12":{"start":{"line":13,"column":0},"end":{"line":13,"column":39}},"13":{"start":{"line":14,"column":0},"end":{"line":14,"column":5}},"14":{"start":{"line":15,"column":0},"end":{"line":15,"column":41}},"16":{"start":{"line":17,"column":0},"end":{"line":17,"column":81}},"18":{"start":{"line":19,"column":0},"end":{"line":19,"column":44}},"19":{"start":{"line":20,"column":0},"end":{"line":20,"column":25}},"20":{"start":{"line":21,"column":0},"end":{"line":21,"column":4}},"22":{"start":{"line":23,"column":0},"end":{"line":23,"column":32}},"23":{"start":{"line":24,"column":0},"end":{"line":24,"column":31}},"24":{"start":{"line":25,"column":0},"end":{"line":25,"column":58}},"25":{"start":{"line":26,"column":0},"end":{"line":26,"column":5}},"26":{"start":{"line":27,"column":0},"end":{"line":27,"column":4}},"28":{"start":{"line":29,"column":0},"end":{"line":29,"column":32}},"29":{"start":{"line":30,"column":0},"end":{"line":30,"column":22}},"30":{"start":{"line":31,"column":0},"end":{"line":31,"column":70}},"31":{"start":{"line":32,"column":0},"end":{"line":32,"column":49}},"32":{"start":{"line":33,"column":0},"end":{"line":33,"column":56}},"33":{"start":{"line":34,"column":0},"end":{"line":34,"column":58}},"34":{"start":{"line":35,"column":0},"end":{"line":35,"column":5}},"35":{"start":{"line":36,"column":0},"end":{"line":36,"column":4}},"37":{"start":{"line":38,"column":0},"end":{"line":38,"column":37}},"38":{"start":{"line":39,"column":0},"end":{"line":39,"column":56}},"39":{"start":{"line":40,"column":0},"end":{"line":40,"column":4}},"41":{"start":{"line":42,"column":0},"end":{"line":42,"column":71}},"43":{"start":{"line":44,"column":0},"end":{"line":44,"column":10}},"44":{"start":{"line":45,"column":0},"end":{"line":45,"column":116}},"45":{"start":{"line":46,"column":0},"end":{"line":46,"column":34}},"47":{"start":{"line":48,"column":0},"end":{"line":48,"column":20}},"48":{"start":{"line":49,"column":0},"end":{"line":49,"column":36}},"50":{"start":{"line":51,"column":0},"end":{"line":51,"column":26}},"51":{"start":{"line":52,"column":0},"end":{"line":52,"column":29}},"52":{"start":{"line":53,"column":0},"end":{"line":53,"column":32}},"53":{"start":{"line":54,"column":0},"end":{"line":54,"column":49}},"54":{"start":{"line":55,"column":0},"end":{"line":55,"column":42}},"55":{"start":{"line":56,"column":0},"end":{"line":56,"column":41}},"56":{"start":{"line":57,"column":0},"end":{"line":57,"column":41}},"57":{"start":{"line":58,"column":0},"end":{"line":58,"column":51}},"58":{"start":{"line":59,"column":0},"end":{"line":59,"column":39}},"59":{"start":{"line":60,"column":0},"end":{"line":60,"column":45}},"60":{"start":{"line":61,"column":0},"end":{"line":61,"column":14}},"63":{"start":{"line":64,"column":0},"end":{"line":64,"column":12}},"64":{"start":{"line":65,"column":0},"end":{"line":65,"column":43}},"66":{"start":{"line":67,"column":0},"end":{"line":67,"column":20}},"67":{"start":{"line":68,"column":0},"end":{"line":68,"column":36}},"69":{"start":{"line":70,"column":0},"end":{"line":70,"column":19}},"70":{"start":{"line":71,"column":0},"end":{"line":71,"column":31}},"71":{"start":{"line":72,"column":0},"end":{"line":72,"column":41}},"72":{"start":{"line":73,"column":0},"end":{"line":73,"column":43}},"73":{"start":{"line":74,"column":0},"end":{"line":74,"column":12}},"75":{"start":{"line":76,"column":0},"end":{"line":76,"column":59}},"76":{"start":{"line":77,"column":0},"end":{"line":77,"column":92}},"77":{"start":{"line":78,"column":0},"end":{"line":78,"column":14}},"78":{"start":{"line":79,"column":0},"end":{"line":79,"column":12}},"79":{"start":{"line":80,"column":0},"end":{"line":80,"column":10}},"81":{"start":{"line":82,"column":0},"end":{"line":82,"column":1}}},"s":{"0":1,"1":1,"2":1,"3":1,"5":5,"6":5,"7":5,"8":5,"10":5,"11":5,"12":2,"13":2,"14":5,"16":5,"18":5,"19":0,"20":0,"22":5,"23":0,"24":0,"25":0,"26":0,"28":5,"29":1,"30":0,"31":0,"32":1,"33":1,"34":1,"35":1,"37":5,"38":0,"39":0,"41":5,"43":5,"44":5,"45":5,"47":5,"48":0,"50":5,"51":3,"52":3,"53":3,"54":3,"55":3,"56":3,"57":3,"58":3,"59":3,"60":3,"63":5,"64":5,"66":5,"67":0,"69":5,"70":5,"71":5,"72":5,"73":5,"75":5,"76":5,"77":5,"78":5,"79":5,"81":5},"branchMap":{"0":{"type":"branch","line":6,"loc":{"start":{"line":6,"column":0},"end":{"line":82,"column":1}},"locations":[{"start":{"line":6,"column":0},"end":{"line":82,"column":1}}]},"1":{"type":"branch","line":48,"loc":{"start":{"line":48,"column":9},"end":{"line":49,"column":36}},"locations":[{"start":{"line":48,"column":9},"end":{"line":49,"column":36}}]},"2":{"type":"branch","line":51,"loc":{"start":{"line":51,"column":10},"end":{"line":61,"column":14}},"locations":[{"start":{"line":51,"column":10},"end":{"line":61,"column":14}}]},"3":{"type":"branch","line":67,"loc":{"start":{"line":67,"column":9},"end":{"line":68,"column":36}},"locations":[{"start":{"line":67,"column":9},"end":{"line":68,"column":36}}]},"4":{"type":"branch","line":11,"loc":{"start":{"line":11,"column":12},"end":{"line":15,"column":5}},"locations":[{"start":{"line":11,"column":12},"end":{"line":15,"column":5}}]},"5":{"type":"branch","line":12,"loc":{"start":{"line":12,"column":67},"end":{"line":14,"column":5}},"locations":[{"start":{"line":12,"column":67},"end":{"line":14,"column":5}}]},"6":{"type":"branch","line":17,"loc":{"start":{"line":17,"column":46},"end":{"line":17,"column":79}},"locations":[{"start":{"line":17,"column":46},"end":{"line":17,"column":79}}]},"7":{"type":"branch","line":29,"loc":{"start":{"line":29,"column":25},"end":{"line":36,"column":4}},"locations":[{"start":{"line":29,"column":25},"end":{"line":36,"column":4}}]},"8":{"type":"branch","line":30,"loc":{"start":{"line":30,"column":21},"end":{"line":33,"column":15}},"locations":[{"start":{"line":30,"column":21},"end":{"line":33,"column":15}}]},"9":{"type":"branch","line":42,"loc":{"start":{"line":42,"column":36},"end":{"line":42,"column":69}},"locations":[{"start":{"line":42,"column":36},"end":{"line":42,"column":69}}]}},"b":{"0":[5],"1":[0],"2":[3],"3":[0],"4":[5],"5":[2],"6":[8],"7":[1],"8":[0],"9":[8]},"fnMap":{"0":{"name":"MusicPlayer","decl":{"start":{"line":6,"column":0},"end":{"line":82,"column":1}},"loc":{"start":{"line":6,"column":0},"end":{"line":82,"column":1}},"line":6},"1":{"name":"handleSongSelect","decl":{"start":{"line":19,"column":27},"end":{"line":21,"column":4}},"loc":{"start":{"line":19,"column":27},"end":{"line":21,"column":4}},"line":19},"2":{"name":"handlePrevSong","decl":{"start":{"line":23,"column":25},"end":{"line":27,"column":4}},"loc":{"start":{"line":23,"column":25},"end":{"line":27,"column":4}},"line":23},"3":{"name":"handleNextSong","decl":{"start":{"line":29,"column":25},"end":{"line":36,"column":4}},"loc":{"start":{"line":29,"column":25},"end":{"line":36,"column":4}},"line":29},"4":{"name":"handleShuffleToggle","decl":{"start":{"line":38,"column":30},"end":{"line":40,"column":4}},"loc":{"start":{"line":38,"column":30},"end":{"line":40,"column":4}},"line":38}},"f":{"0":5,"1":0,"2":0,"3":1,"4":0}}
,"/home/puzzle/atlas-react-testing/src/main.jsx": {"path":"/home/puzzle/atlas-react-testing/src/main.jsx","all":true,"statementMap":{"0":{"start":{"line":1,"column":0},"end":{"line":1,"column":26}},"1":{"start":{"line":2,"column":0},"end":{"line":2,"column":40}},"2":{"start":{"line":3,"column":0},"end":{"line":3,"column":28}},"3":{"start":{"line":4,"column":0},"end":{"line":4,"column":21}},"5":{"start":{"line":6,"column":0},"end":{"line":6,"column":60}},"6":{"start":{"line":7,"column":0},"end":{"line":7,"column":20}},"7":{"start":{"line":8,"column":0},"end":{"line":8,"column":11}},"8":{"start":{"line":9,"column":0},"end":{"line":9,"column":21}},"9":{"start":{"line":10,"column":0},"end":{"line":10,"column":2}}},"s":{"0":0,"1":0,"2":0,"3":0,"5":0,"6":0,"7":0,"8":0,"9":0},"branchMap":{"0":{"type":"branch","line":1,"loc":{"start":{"line":1,"column":238},"end":{"line":10,"column":2}},"locations":[{"start":{"line":1,"column":238},"end":{"line":10,"column":2}}]}},"b":{"0":[0]},"fnMap":{"0":{"name":"(empty-report)","decl":{"start":{"line":1,"column":238},"end":{"line":10,"column":2}},"loc":{"start":{"line":1,"column":238},"end":{"line":10,"column":2}},"line":1}},"f":{"0":0}}
,"/home/puzzle/atlas-react-testing/src/components/CoverArt.tsx": {"path":"/home/puzzle/atlas-react-testing/src/components/CoverArt.tsx","all":false,"statementMap":{"0":{"start":{"line":1,"column":0},"end":{"line":1,"column":26}},"1":{"start":{"line":2,"column":0},"end":{"line":2,"column":44}},"8":{"start":{"line":9,"column":0},"end":{"line":9,"column":67}},"9":{"start":{"line":10,"column":0},"end":{"line":10,"column":10}},"10":{"start":{"line":11,"column":0},"end":{"line":11,"column":57}},"11":{"start":{"line":12,"column":0},"end":{"line":12,"column":72}},"12":{"start":{"line":13,"column":0},"end":{"line":13,"column":10}},"14":{"start":{"line":15,"column":0},"end":{"line":15,"column":2}},"16":{"start":{"line":17,"column":0},"end":{"line":17,"column":24}}},"s":{"0":1,"1":1,"8":1,"9":6,"10":6,"11":6,"12":6,"14":6,"16":1},"branchMap":{"0":{"type":"branch","line":9,"loc":{"start":{"line":9,"column":42},"end":{"line":15,"column":2}},"locations":[{"start":{"line":9,"column":42},"end":{"line":15,"column":2}}]}},"b":{"0":[6]},"fnMap":{"0":{"name":"CoverArt","decl":{"start":{"line":9,"column":42},"end":{"line":15,"column":2}},"loc":{"start":{"line":9,"column":42},"end":{"line":15,"column":2}},"line":9}},"f":{"0":6}}
,"/home/puzzle/atlas-react-testing/src/components/CurrentlyPlaying.tsx": {"path":"/home/puzzle/atlas-react-testing/src/components/CurrentlyPlaying.tsx","all":false,"statementMap":{"0":{"start":{"line":1,"column":0},"end":{"line":1,"column":26}},"1":{"start":{"line":2,"column":0},"end":{"line":2,"column":34}},"2":{"start":{"line":3,"column":0},"end":{"line":3,"column":42}},"3":{"start":{"line":4,"column":0},"end":{"line":4,"column":44}},"4":{"start":{"line":5,"column":0},"end":{"line":5,"column":36}},"25":{"start":{"line":26,"column":0},"end":{"line":26,"column":60}},"26":{"start":{"line":27,"column":0},"end":{"line":27,"column":7}},"27":{"start":{"line":28,"column":0},"end":{"line":28,"column":19}},"28":{"start":{"line":29,"column":0},"end":{"line":29,"column":13}},"29":{"start":{"line":30,"column":0},"end":{"line":30,"column":13}},"30":{"start":{"line":31,"column":0},"end":{"line":31,"column":13}},"31":{"start":{"line":32,"column":0},"end":{"line":32,"column":18}},"32":{"start":{"line":33,"column":0},"end":{"line":33,"column":14}},"33":{"start":{"line":34,"column":0},"end":{"line":34,"column":24}},"34":{"start":{"line":35,"column":0},"end":{"line":35,"column":7}},"35":{"start":{"line":36,"column":0},"end":{"line":36,"column":10}},"36":{"start":{"line":37,"column":0},"end":{"line":37,"column":75}},"38":{"start":{"line":39,"column":0},"end":{"line":39,"column":52}},"39":{"start":{"line":40,"column":0},"end":{"line":40,"column":28}},"41":{"start":{"line":42,"column":0},"end":{"line":42,"column":61}},"42":{"start":{"line":43,"column":0},"end":{"line":43,"column":12}},"43":{"start":{"line":44,"column":0},"end":{"line":44,"column":28}},"44":{"start":{"line":45,"column":0},"end":{"line":45,"column":21}},"45":{"start":{"line":46,"column":0},"end":{"line":46,"column":45}},"46":{"start":{"line":47,"column":0},"end":{"line":47,"column":33}},"47":{"start":{"line":48,"column":0},"end":{"line":48,"column":33}},"48":{"start":{"line":49,"column":0},"end":{"line":49,"column":33}},"49":{"start":{"line":50,"column":0},"end":{"line":50,"column":43}},"50":{"start":{"line":51,"column":0},"end":{"line":51,"column":35}},"51":{"start":{"line":52,"column":0},"end":{"line":52,"column":10}},"52":{"start":{"line":53,"column":0},"end":{"line":53,"column":12}},"53":{"start":{"line":54,"column":0},"end":{"line":54,"column":55}},"54":{"start":{"line":55,"column":0},"end":{"line":55,"column":25}},"55":{"start":{"line":56,"column":0},"end":{"line":56,"column":12}},"56":{"start":{"line":57,"column":0},"end":{"line":57,"column":10}},"58":{"start":{"line":59,"column":0},"end":{"line":59,"column":2}},"60":{"start":{"line":61,"column":0},"end":{"line":61,"column":32}}},"s":{"0":1,"1":1,"2":1,"3":1,"4":1,"25":1,"26":3,"27":3,"28":3,"29":3,"30":3,"31":3,"32":3,"33":3,"34":3,"35":3,"36":3,"38":3,"39":3,"41":3,"42":3,"43":3,"44":3,"45":3,"46":3,"47":3,"48":3,"49":3,"50":3,"51":3,"52":3,"53":3,"54":3,"55":3,"56":3,"58":3,"60":1},"branchMap":{"0":{"type":"branch","line":26,"loc":{"start":{"line":26,"column":58},"end":{"line":59,"column":2}},"locations":[{"start":{"line":26,"column":58},"end":{"line":59,"column":2}}]}},"b":{"0":[3]},"fnMap":{"0":{"name":"CurrentlyPlaying","decl":{"start":{"line":26,"column":58},"end":{"line":59,"column":2}},"loc":{"start":{"line":26,"column":58},"end":{"line":59,"column":2}},"line":26}},"f":{"0":3}}
,"/home/puzzle/atlas-react-testing/src/components/Footer.tsx": {"path":"/home/puzzle/atlas-react-testing/src/components/Footer.tsx","all":true,"statementMap":{"0":{"start":{"line":1,"column":0},"end":{"line":1,"column":34}},"1":{"start":{"line":2,"column":0},"end":{"line":2,"column":40}},"2":{"start":{"line":3,"column":0},"end":{"line":3,"column":10}},"3":{"start":{"line":4,"column":0},"end":{"line":4,"column":93}},"4":{"start":{"line":5,"column":0},"end":{"line":5,"column":32}},"5":{"start":{"line":6,"column":0},"end":{"line":6,"column":10}},"7":{"start":{"line":8,"column":0},"end":{"line":8,"column":1}}},"s":{"0":0,"1":0,"2":0,"3":0,"4":0,"5":0,"7":0},"branchMap":{"0":{"type":"branch","line":1,"loc":{"start":{"line":1,"column":0},"end":{"line":8,"column":-138}},"locations":[{"start":{"line":1,"column":0},"end":{"line":8,"column":-138}}]}},"b":{"0":[0]},"fnMap":{"0":{"name":"(empty-report)","decl":{"start":{"line":1,"column":0},"end":{"line":8,"column":-138}},"loc":{"start":{"line":1,"column":0},"end":{"line":8,"column":-138}},"line":1}},"f":{"0":0}}
,"/home/puzzle/atlas-react-testing/src/components/PlayControls.tsx": {"path":"/home/puzzle/atlas-react-testing/src/components/PlayControls.tsx","all":false,"statementMap":{"0":{"start":{"line":1,"column":0},"end":{"line":1,"column":40}},"1":{"start":{"line":2,"column":0},"end":{"line":2,"column":40}},"2":{"start":{"line":3,"column":0},"end":{"line":3,"column":42}},"3":{"start":{"line":4,"column":0},"end":{"line":4,"column":44}},"4":{"start":{"line":5,"column":0},"end":{"line":5,"column":49}},"5":{"start":{"line":6,"column":0},"end":{"line":6,"column":41}},"16":{"start":{"line":17,"column":0},"end":{"line":17,"column":52}},"17":{"start":{"line":18,"column":0},"end":{"line":18,"column":19}},"18":{"start":{"line":19,"column":0},"end":{"line":19,"column":13}},"19":{"start":{"line":20,"column":0},"end":{"line":20,"column":13}},"20":{"start":{"line":21,"column":0},"end":{"line":21,"column":13}},"21":{"start":{"line":22,"column":0},"end":{"line":22,"column":18}},"22":{"start":{"line":23,"column":0},"end":{"line":23,"column":14}},"23":{"start":{"line":24,"column":0},"end":{"line":24,"column":7}},"24":{"start":{"line":25,"column":0},"end":{"line":25,"column":40}},"25":{"start":{"line":26,"column":0},"end":{"line":26,"column":52}},"27":{"start":{"line":28,"column":0},"end":{"line":28,"column":35}},"28":{"start":{"line":29,"column":0},"end":{"line":29,"column":49}},"29":{"start":{"line":30,"column":0},"end":{"line":30,"column":23}},"30":{"start":{"line":31,"column":0},"end":{"line":31,"column":44}},"31":{"start":{"line":32,"column":0},"end":{"line":32,"column":4}},"33":{"start":{"line":34,"column":0},"end":{"line":34,"column":33}},"34":{"start":{"line":35,"column":0},"end":{"line":35,"column":52}},"35":{"start":{"line":36,"column":0},"end":{"line":36,"column":40}},"36":{"start":{"line":37,"column":0},"end":{"line":37,"column":4}},"38":{"start":{"line":39,"column":0},"end":{"line":39,"column":10}},"39":{"start":{"line":40,"column":0},"end":{"line":40,"column":64}},"40":{"start":{"line":41,"column":0},"end":{"line":41,"column":77}},"41":{"start":{"line":42,"column":0},"end":{"line":42,"column":16}},"42":{"start":{"line":43,"column":0},"end":{"line":43,"column":15}},"44":{"start":{"line":45,"column":0},"end":{"line":45,"column":104}},"45":{"start":{"line":46,"column":0},"end":{"line":46,"column":59}},"46":{"start":{"line":47,"column":0},"end":{"line":47,"column":15}},"48":{"start":{"line":49,"column":0},"end":{"line":49,"column":100}},"49":{"start":{"line":50,"column":0},"end":{"line":50,"column":109}},"50":{"start":{"line":51,"column":0},"end":{"line":51,"column":15}},"52":{"start":{"line":53,"column":0},"end":{"line":53,"column":13}},"53":{"start":{"line":54,"column":0},"end":{"line":54,"column":42}},"54":{"start":{"line":55,"column":0},"end":{"line":55,"column":28}},"55":{"start":{"line":56,"column":0},"end":{"line":56,"column":70}},"57":{"start":{"line":58,"column":0},"end":{"line":58,"column":63}},"58":{"start":{"line":59,"column":0},"end":{"line":59,"column":15}},"60":{"start":{"line":61,"column":0},"end":{"line":61,"column":113}},"61":{"start":{"line":62,"column":0},"end":{"line":62,"column":63}},"62":{"start":{"line":63,"column":0},"end":{"line":63,"column":15}},"63":{"start":{"line":64,"column":0},"end":{"line":64,"column":10}},"65":{"start":{"line":66,"column":0},"end":{"line":66,"column":2}},"67":{"start":{"line":68,"column":0},"end":{"line":68,"column":28}}},"s":{"0":1,"1":1,"2":1,"3":1,"4":1,"5":1,"16":1,"17":3,"18":3,"19":3,"20":3,"21":3,"22":3,"23":3,"24":3,"25":3,"27":3,"28":0,"29":0,"30":0,"31":0,"33":3,"34":0,"35":0,"36":0,"38":3,"39":3,"40":3,"41":3,"42":3,"44":3,"45":3,"46":3,"48":3,"49":3,"50":3,"52":3,"53":3,"54":3,"55":3,"57":3,"58":3,"60":3,"61":3,"62":3,"63":3,"65":3,"67":1},"branchMap":{"0":{"type":"branch","line":17,"loc":{"start":{"line":17,"column":50},"end":{"line":66,"column":2}},"locations":[{"start":{"line":17,"column":50},"end":{"line":66,"column":2}}]},"1":{"type":"branch","line":50,"loc":{"start":{"line":50,"column":18},"end":{"line":50,"column":42}},"locations":[{"start":{"line":50,"column":18},"end":{"line":50,"column":42}}]},"2":{"type":"branch","line":50,"loc":{"start":{"line":50,"column":57},"end":{"line":50,"column":79}},"locations":[{"start":{"line":50,"column":57},"end":{"line":50,"column":79}}]},"3":{"type":"branch","line":56,"loc":{"start":{"line":56,"column":52},"end":{"line":56,"column":70}},"locations":[{"start":{"line":56,"column":52},"end":{"line":56,"column":70}}]},"4":{"type":"branch","line":61,"loc":{"start":{"line":61,"column":40},"end":{"line":61,"column":71}},"locations":[{"start":{"line":61,"column":40},"end":{"line":61,"column":71}}]}},"b":{"0":[3],"1":[0],"2":[0],"3":[1],"4":[0]},"fnMap":{"0":{"name":"PlayControls","decl":{"start":{"line":17,"column":50},"end":{"line":66,"column":2}},"loc":{"start":{"line":17,"column":50},"end":{"line":66,"column":2}},"line":17},"1":{"name":"handleSpeedChange","decl":{"start":{"line":28,"column":28},"end":{"line":32,"column":4}},"loc":{"start":{"line":28,"column":28},"end":{"line":32,"column":4}},"line":28},"2":{"name":"handlePlayPause","decl":{"start":{"line":34,"column":26},"end":{"line":37,"column":4}},"loc":{"start":{"line":34,"column":26},"end":{"line":37,"column":4}},"line":34}},"f":{"0":3,"1":0,"2":0}}
,"/home/puzzle/atlas-react-testing/src/components/PlayListItem.tsx": {"path":"/home/puzzle/atlas-react-testing/src/components/PlayListItem.tsx","all":false,"statementMap":{"0":{"start":{"line":1,"column":0},"end":{"line":1,"column":26}},"9":{"start":{"line":10,"column":0},"end":{"line":10,"column":95}},"10":{"start":{"line":11,"column":0},"end":{"line":11,"column":10}},"11":{"start":{"line":12,"column":0},"end":{"line":12,"column":59}},"12":{"start":{"line":13,"column":0},"end":{"line":13,"column":50}},"13":{"start":{"line":14,"column":0},"end":{"line":14,"column":35}},"14":{"start":{"line":15,"column":0},"end":{"line":15,"column":56}},"15":{"start":{"line":16,"column":0},"end":{"line":16,"column":63}},"16":{"start":{"line":17,"column":0},"end":{"line":17,"column":14}},"17":{"start":{"line":18,"column":0},"end":{"line":18,"column":76}},"18":{"start":{"line":19,"column":0},"end":{"line":19,"column":12}},"19":{"start":{"line":20,"column":0},"end":{"line":20,"column":10}},"21":{"start":{"line":22,"column":0},"end":{"line":22,"column":2}},"23":{"start":{"line":24,"column":0},"end":{"line":24,"column":28}}},"s":{"0":1,"9":1,"10":13,"11":13,"12":13,"13":13,"14":13,"15":13,"16":13,"17":13,"18":13,"19":13,"21":13,"23":1},"branchMap":{"0":{"type":"branch","line":10,"loc":{"start":{"line":10,"column":50},"end":{"line":22,"column":2}},"locations":[{"start":{"line":10,"column":50},"end":{"line":22,"column":2}}]}},"b":{"0":[13]},"fnMap":{"0":{"name":"PlayListItem","decl":{"start":{"line":10,"column":50},"end":{"line":22,"column":2}},"loc":{"start":{"line":10,"column":50},"end":{"line":22,"column":2}},"line":10}},"f":{"0":13}}
,"/home/puzzle/atlas-react-testing/src/components/Playlist.tsx": {"path":"/home/puzzle/atlas-react-testing/src/components/Playlist.tsx","all":false,"statementMap":{"0":{"start":{"line":1,"column":0},"end":{"line":1,"column":26}},"1":{"start":{"line":2,"column":0},"end":{"line":2,"column":46}},"16":{"start":{"line":17,"column":0},"end":{"line":17,"column":90}},"17":{"start":{"line":18,"column":0},"end":{"line":18,"column":43}},"18":{"start":{"line":19,"column":0},"end":{"line":19,"column":37}},"19":{"start":{"line":20,"column":0},"end":{"line":20,"column":3}},"21":{"start":{"line":22,"column":0},"end":{"line":22,"column":10}},"22":{"start":{"line":23,"column":0},"end":{"line":23,"column":25}},"23":{"start":{"line":24,"column":0},"end":{"line":24,"column":58}},"24":{"start":{"line":25,"column":0},"end":{"line":25,"column":11}},"25":{"start":{"line":26,"column":0},"end":{"line":26,"column":33}},"26":{"start":{"line":27,"column":0},"end":{"line":27,"column":14}},"27":{"start":{"line":28,"column":0},"end":{"line":28,"column":25}},"28":{"start":{"line":29,"column":0},"end":{"line":29,"column":49}},"29":{"start":{"line":30,"column":0},"end":{"line":30,"column":111}},"31":{"start":{"line":32,"column":0},"end":{"line":32,"column":25}},"32":{"start":{"line":33,"column":0},"end":{"line":33,"column":32}},"33":{"start":{"line":34,"column":0},"end":{"line":34,"column":34}},"34":{"start":{"line":35,"column":0},"end":{"line":35,"column":38}},"35":{"start":{"line":36,"column":0},"end":{"line":36,"column":72}},"36":{"start":{"line":37,"column":0},"end":{"line":37,"column":14}},"37":{"start":{"line":38,"column":0},"end":{"line":38,"column":16}},"38":{"start":{"line":39,"column":0},"end":{"line":39,"column":11}},"39":{"start":{"line":40,"column":0},"end":{"line":40,"column":12}},"40":{"start":{"line":41,"column":0},"end":{"line":41,"column":10}},"42":{"start":{"line":43,"column":0},"end":{"line":43,"column":2}},"44":{"start":{"line":45,"column":0},"end":{"line":45,"column":24}}},"s":{"0":1,"1":1,"16":1,"17":5,"18":0,"19":0,"21":5,"22":5,"23":5,"24":5,"25":5,"26":10,"27":10,"28":10,"29":10,"31":10,"32":10,"33":10,"34":10,"35":10,"36":10,"37":10,"38":5,"39":5,"40":5,"42":5,"44":1},"branchMap":{"0":{"type":"branch","line":17,"loc":{"start":{"line":17,"column":42},"end":{"line":43,"column":2}},"locations":[{"start":{"line":17,"column":42},"end":{"line":43,"column":2}}]},"1":{"type":"branch","line":18,"loc":{"start":{"line":18,"column":42},"end":{"line":20,"column":3}},"locations":[{"start":{"line":18,"column":42},"end":{"line":20,"column":3}}]},"2":{"type":"branch","line":26,"loc":{"start":{"line":26,"column":22},"end":{"line":38,"column":16}},"locations":[{"start":{"line":26,"column":22},"end":{"line":38,"column":16}}]},"3":{"type":"branch","line":30,"loc":{"start":{"line":30,"column":53},"end":{"line":30,"column":85}},"locations":[{"start":{"line":30,"column":53},"end":{"line":30,"column":85}}]},"4":{"type":"branch","line":30,"loc":{"start":{"line":30,"column":69},"end":{"line":30,"column":95}},"locations":[{"start":{"line":30,"column":69},"end":{"line":30,"column":95}}]},"5":{"type":"branch","line":36,"loc":{"start":{"line":36,"column":37},"end":{"line":36,"column":69}},"locations":[{"start":{"line":36,"column":37},"end":{"line":36,"column":69}}]},"6":{"type":"branch","line":36,"loc":{"start":{"line":36,"column":53},"end":{"line":36,"column":72}},"locations":[{"start":{"line":36,"column":53},"end":{"line":36,"column":72}}]}},"b":{"0":[5],"1":[0],"2":[10],"3":[3],"4":[7],"5":[3],"6":[7]},"fnMap":{"0":{"name":"Playlist","decl":{"start":{"line":17,"column":42},"end":{"line":43,"column":2}},"loc":{"start":{"line":17,"column":42},"end":{"line":43,"column":2}},"line":17},"1":{"name":"onClick","decl":{"start":{"line":29,"column":21},"end":{"line":29,"column":49}},"loc":{"start":{"line":29,"column":21},"end":{"line":29,"column":49}},"line":29}},"f":{"0":5,"1":0}}
,"/home/puzzle/atlas-react-testing/src/components/SongTitle.tsx": {"path":"/home/puzzle/atlas-react-testing/src/components/SongTitle.tsx","all":false,"statementMap":{"0":{"start":{"line":1,"column":0},"end":{"line":1,"column":26}},"7":{"start":{"line":8,"column":0},"end":{"line":8,"column":68}},"8":{"start":{"line":9,"column":0},"end":{"line":9,"column":10}},"9":{"start":{"line":10,"column":0},"end":{"line":10,"column":33}},"10":{"start":{"line":11,"column":0},"end":{"line":11,"column":52}},"11":{"start":{"line":12,"column":0},"end":{"line":12,"column":55}},"12":{"start":{"line":13,"column":0},"end":{"line":13,"column":10}},"14":{"start":{"line":15,"column":0},"end":{"line":15,"column":2}},"16":{"start":{"line":17,"column":0},"end":{"line":17,"column":25}}},"s":{"0":1,"7":1,"8":6,"9":6,"10":6,"11":6,"12":6,"14":6,"16":1},"branchMap":{"0":{"type":"branch","line":8,"loc":{"start":{"line":8,"column":44},"end":{"line":15,"column":2}},"locations":[{"start":{"line":8,"column":44},"end":{"line":15,"column":2}}]}},"b":{"0":[6]},"fnMap":{"0":{"name":"SongTitle","decl":{"start":{"line":8,"column":44},"end":{"line":15,"column":2}},"loc":{"start":{"line":8,"column":44},"end":{"line":15,"column":2}},"line":8}},"f":{"0":6}}
,"/home/puzzle/atlas-react-testing/src/components/VolumeControl.tsx": {"path":"/home/puzzle/atlas-react-testing/src/components/VolumeControl.tsx","all":false,"statementMap":{"0":{"start":{"line":1,"column":0},"end":{"line":1,"column":40}},"1":{"start":{"line":2,"column":0},"end":{"line":2,"column":53}},"2":{"start":{"line":3,"column":0},"end":{"line":3,"column":42}},"4":{"start":{"line":5,"column":0},"end":{"line":5,"column":29}},"5":{"start":{"line":6,"column":0},"end":{"line":6,"column":41}},"7":{"start":{"line":8,"column":0},"end":{"line":8,"column":68}},"8":{"start":{"line":9,"column":0},"end":{"line":9,"column":44}},"9":{"start":{"line":10,"column":0},"end":{"line":10,"column":23}},"10":{"start":{"line":11,"column":0},"end":{"line":11,"column":99}},"11":{"start":{"line":12,"column":0},"end":{"line":12,"column":4}},"13":{"start":{"line":14,"column":0},"end":{"line":14,"column":10}},"14":{"start":{"line":15,"column":0},"end":{"line":15,"column":54}},"15":{"start":{"line":16,"column":0},"end":{"line":16,"column":11}},"16":{"start":{"line":17,"column":0},"end":{"line":17,"column":50}},"17":{"start":{"line":18,"column":0},"end":{"line":18,"column":46}},"18":{"start":{"line":19,"column":0},"end":{"line":19,"column":28}},"19":{"start":{"line":20,"column":0},"end":{"line":20,"column":8}},"20":{"start":{"line":21,"column":0},"end":{"line":21,"column":12}},"21":{"start":{"line":22,"column":0},"end":{"line":22,"column":24}},"22":{"start":{"line":23,"column":0},"end":{"line":23,"column":20}},"23":{"start":{"line":24,"column":0},"end":{"line":24,"column":15}},"24":{"start":{"line":25,"column":0},"end":{"line":25,"column":17}},"25":{"start":{"line":26,"column":0},"end":{"line":26,"column":21}},"26":{"start":{"line":27,"column":0},"end":{"line":27,"column":31}},"27":{"start":{"line":28,"column":0},"end":{"line":28,"column":94}},"28":{"start":{"line":29,"column":0},"end":{"line":29,"column":16}},"29":{"start":{"line":30,"column":0},"end":{"line":30,"column":83}},"30":{"start":{"line":31,"column":0},"end":{"line":31,"column":35}},"31":{"start":{"line":32,"column":0},"end":{"line":32,"column":10}},"32":{"start":{"line":33,"column":0},"end":{"line":33,"column":8}},"33":{"start":{"line":34,"column":0},"end":{"line":34,"column":10}},"35":{"start":{"line":36,"column":0},"end":{"line":36,"column":2}},"37":{"start":{"line":38,"column":0},"end":{"line":38,"column":29}}},"s":{"0":1,"1":1,"2":1,"4":1,"5":8,"7":8,"8":2,"9":2,"10":2,"11":2,"13":8,"14":8,"15":8,"16":8,"17":8,"18":8,"19":8,"20":8,"21":8,"22":8,"23":8,"24":8,"25":8,"26":8,"27":8,"28":8,"29":8,"30":8,"31":8,"32":8,"33":8,"35":8,"37":1},"branchMap":{"0":{"type":"branch","line":5,"loc":{"start":{"line":5,"column":22},"end":{"line":36,"column":2}},"locations":[{"start":{"line":5,"column":22},"end":{"line":36,"column":2}}]},"1":{"type":"branch","line":17,"loc":{"start":{"line":17,"column":23},"end":{"line":17,"column":38}},"locations":[{"start":{"line":17,"column":23},"end":{"line":17,"column":38}}]},"2":{"type":"branch","line":17,"loc":{"start":{"line":17,"column":27},"end":{"line":17,"column":50}},"locations":[{"start":{"line":17,"column":27},"end":{"line":17,"column":50}}]},"3":{"type":"branch","line":18,"loc":{"start":{"line":18,"column":23},"end":{"line":18,"column":36}},"locations":[{"start":{"line":18,"column":23},"end":{"line":18,"column":36}}]},"4":{"type":"branch","line":18,"loc":{"start":{"line":18,"column":27},"end":{"line":18,"column":46}},"locations":[{"start":{"line":18,"column":27},"end":{"line":18,"column":46}}]},"5":{"type":"branch","line":8,"loc":{"start":{"line":8,"column":23},"end":{"line":12,"column":4}},"locations":[{"start":{"line":8,"column":23},"end":{"line":12,"column":4}}]}},"b":{"0":[8],"1":[1],"2":[7],"3":[1],"4":[7],"5":[2]},"fnMap":{"0":{"name":"VolumeControl","decl":{"start":{"line":5,"column":22},"end":{"line":36,"column":2}},"loc":{"start":{"line":5,"column":22},"end":{"line":36,"column":2}},"line":5},"1":{"name":"handleChange","decl":{"start":{"line":8,"column":23},"end":{"line":12,"column":4}},"loc":{"start":{"line":8,"column":23},"end":{"line":12,"column":4}},"line":8}},"f":{"0":8,"1":2}}
,"/home/puzzle/atlas-react-testing/src/hooks/usePlaylistData.tsx": {"path":"/home/puzzle/atlas-react-testing/src/hooks/usePlaylistData.tsx","all":false,"statementMap":{"0":{"start":{"line":1,"column":0},"end":{"line":1,"column":44}},"10":{"start":{"line":11,"column":0},"end":{"line":11,"column":31}},"11":{"start":{"line":12,"column":0},"end":{"line":12,"column":47}},"12":{"start":{"line":13,"column":0},"end":{"line":13,"column":47}},"14":{"start":{"line":15,"column":0},"end":{"line":15,"column":19}},"15":{"start":{"line":16,"column":0},"end":{"line":16,"column":39}},"16":{"start":{"line":17,"column":0},"end":{"line":17,"column":11}},"17":{"start":{"line":18,"column":0},"end":{"line":18,"column":37}},"18":{"start":{"line":19,"column":0},"end":{"line":19,"column":95}},"19":{"start":{"line":20,"column":0},"end":{"line":20,"column":10}},"20":{"start":{"line":21,"column":0},"end":{"line":21,"column":45}},"21":{"start":{"line":22,"column":0},"end":{"line":22,"column":24}},"22":{"start":{"line":23,"column":0},"end":{"line":23,"column":23}},"23":{"start":{"line":24,"column":0},"end":{"line":24,"column":57}},"24":{"start":{"line":25,"column":0},"end":{"line":25,"column":17}},"25":{"start":{"line":26,"column":0},"end":{"line":26,"column":26}},"26":{"start":{"line":27,"column":0},"end":{"line":27,"column":7}},"27":{"start":{"line":28,"column":0},"end":{"line":28,"column":6}},"29":{"start":{"line":30,"column":0},"end":{"line":30,"column":20}},"30":{"start":{"line":31,"column":0},"end":{"line":31,"column":9}},"32":{"start":{"line":33,"column":0},"end":{"line":33,"column":27}},"33":{"start":{"line":34,"column":0},"end":{"line":34,"column":2}},"35":{"start":{"line":36,"column":0},"end":{"line":36,"column":31}}},"s":{"0":1,"10":1,"11":2,"12":2,"14":2,"15":1,"16":1,"17":1,"18":1,"19":1,"20":1,"21":1,"22":1,"23":0,"24":1,"25":1,"26":1,"27":1,"29":1,"30":2,"32":2,"33":2,"35":1},"branchMap":{"0":{"type":"branch","line":11,"loc":{"start":{"line":11,"column":24},"end":{"line":34,"column":2}},"locations":[{"start":{"line":11,"column":24},"end":{"line":34,"column":2}}]},"1":{"type":"branch","line":15,"loc":{"start":{"line":15,"column":12},"end":{"line":31,"column":5}},"locations":[{"start":{"line":15,"column":12},"end":{"line":31,"column":5}}]},"2":{"type":"branch","line":16,"loc":{"start":{"line":16,"column":26},"end":{"line":28,"column":6}},"locations":[{"start":{"line":16,"column":26},"end":{"line":28,"column":6}}]},"3":{"type":"branch","line":23,"loc":{"start":{"line":23,"column":6},"end":{"line":25,"column":8}},"locations":[{"start":{"line":23,"column":6},"end":{"line":25,"column":8}}]}},"b":{"0":[2],"1":[1],"2":[1],"3":[0]},"fnMap":{"0":{"name":"usePlaylistData","decl":{"start":{"line":11,"column":24},"end":{"line":34,"column":2}},"loc":{"start":{"line":11,"column":24},"end":{"line":34,"column":2}},"line":11},"1":{"name":"fetchPlaylist","decl":{"start":{"line":16,"column":26},"end":{"line":28,"column":6}},"loc":{"start":{"line":16,"column":26},"end":{"line":28,"column":6}},"line":16}},"f":{"0":2,"1":1}}
}
