{"/Users/puzzle/Desktop/Holberton_School_Projects/atlas-react-testing/tailwind.config.js": {"path":"/Users/puzzle/Desktop/Holberton_School_Projects/atlas-react-testing/tailwind.config.js","all":true,"statementMap":{"0":{"start":{"line":1,"column":0},"end":{"line":1,"column":43}},"1":{"start":{"line":2,"column":0},"end":{"line":2,"column":16}},"2":{"start":{"line":3,"column":0},"end":{"line":3,"column":12}},"3":{"start":{"line":4,"column":0},"end":{"line":4,"column":33}},"4":{"start":{"line":5,"column":0},"end":{"line":5,"column":38}},"5":{"start":{"line":6,"column":0},"end":{"line":6,"column":4}},"6":{"start":{"line":7,"column":0},"end":{"line":7,"column":10}},"7":{"start":{"line":8,"column":0},"end":{"line":8,"column":13}},"8":{"start":{"line":9,"column":0},"end":{"line":9,"column":15}},"9":{"start":{"line":10,"column":0},"end":{"line":10,"column":27}},"10":{"start":{"line":11,"column":0},"end":{"line":11,"column":29}},"11":{"start":{"line":12,"column":0},"end":{"line":12,"column":28}},"12":{"start":{"line":13,"column":0},"end":{"line":13,"column":8}},"13":{"start":{"line":14,"column":0},"end":{"line":14,"column":14}},"14":{"start":{"line":15,"column":0},"end":{"line":15,"column":26}},"15":{"start":{"line":16,"column":0},"end":{"line":16,"column":8}},"16":{"start":{"line":17,"column":0},"end":{"line":17,"column":15}},"17":{"start":{"line":18,"column":0},"end":{"line":18,"column":26}},"18":{"start":{"line":19,"column":0},"end":{"line":19,"column":8}},"19":{"start":{"line":20,"column":0},"end":{"line":20,"column":6}},"20":{"start":{"line":21,"column":0},"end":{"line":21,"column":4}},"21":{"start":{"line":22,"column":0},"end":{"line":22,"column":12}},"22":{"start":{"line":23,"column":0},"end":{"line":23,"column":31}},"23":{"start":{"line":24,"column":0},"end":{"line":24,"column":4}},"24":{"start":{"line":25,"column":0},"end":{"line":25,"column":1}}},"s":{"0":0,"1":0,"2":0,"3":0,"4":0,"5":0,"6":0,"7":0,"8":0,"9":0,"10":0,"11":0,"12":0,"13":0,"14":0,"15":0,"16":0,"17":0,"18":0,"19":0,"20":0,"21":0,"22":0,"23":0,"24":0},"branchMap":{"0":{"type":"branch","line":1,"loc":{"start":{"line":1,"column":0},"end":{"line":25,"column":-9}},"locations":[{"start":{"line":1,"column":0},"end":{"line":25,"column":-9}}]}},"b":{"0":[0]},"fnMap":{"0":{"name":"(empty-report)","decl":{"start":{"line":1,"column":0},"end":{"line":25,"column":-9}},"loc":{"start":{"line":1,"column":0},"end":{"line":25,"column":-9}},"line":1}},"f":{"0":0}}
,"/Users/puzzle/Desktop/Holberton_School_Projects/atlas-react-testing/src/App.jsx": {"path":"/Users/puzzle/Desktop/Holberton_School_Projects/atlas-react-testing/src/App.jsx","all":false,"statementMap":{"0":{"start":{"line":1,"column":0},"end":{"line":1,"column":26}},"1":{"start":{"line":2,"column":0},"end":{"line":2,"column":41}},"2":{"start":{"line":3,"column":0},"end":{"line":3,"column":40}},"3":{"start":{"line":4,"column":0},"end":{"line":4,"column":22}},"5":{"start":{"line":6,"column":0},"end":{"line":6,"column":16}},"6":{"start":{"line":7,"column":0},"end":{"line":7,"column":10}},"7":{"start":{"line":8,"column":0},"end":{"line":8,"column":86}},"8":{"start":{"line":9,"column":0},"end":{"line":9,"column":21}},"9":{"start":{"line":10,"column":0},"end":{"line":10,"column":16}},"10":{"start":{"line":11,"column":0},"end":{"line":11,"column":10}},"12":{"start":{"line":13,"column":0},"end":{"line":13,"column":1}},"14":{"start":{"line":15,"column":0},"end":{"line":15,"column":19}}},"s":{"0":1,"1":1,"2":1,"3":1,"5":1,"6":1,"7":1,"8":1,"9":1,"10":1,"12":1,"14":1},"branchMap":{"0":{"type":"branch","line":6,"loc":{"start":{"line":6,"column":0},"end":{"line":13,"column":1}},"locations":[{"start":{"line":6,"column":0},"end":{"line":13,"column":1}}]}},"b":{"0":[1]},"fnMap":{"0":{"name":"App","decl":{"start":{"line":6,"column":0},"end":{"line":13,"column":1}},"loc":{"start":{"line":6,"column":0},"end":{"line":13,"column":1}},"line":6}},"f":{"0":1}}
,"/Users/puzzle/Desktop/Holberton_School_Projects/atlas-react-testing/src/MusicPlayer.tsx": {"path":"/Users/puzzle/Desktop/Holberton_School_Projects/atlas-react-testing/src/MusicPlayer.tsx","all":false,"statementMap":{"0":{"start":{"line":1,"column":0},"end":{"line":1,"column":44}},"1":{"start":{"line":2,"column":0},"end":{"line":2,"column":61}},"2":{"start":{"line":3,"column":0},"end":{"line":3,"column":45}},"3":{"start":{"line":4,"column":0},"end":{"line":4,"column":54}},"5":{"start":{"line":6,"column":0},"end":{"line":6,"column":39}},"6":{"start":{"line":7,"column":0},"end":{"line":7,"column":56}},"7":{"start":{"line":8,"column":0},"end":{"line":8,"column":74}},"8":{"start":{"line":9,"column":0},"end":{"line":9,"column":56}},"10":{"start":{"line":11,"column":0},"end":{"line":11,"column":19}},"11":{"start":{"line":12,"column":0},"end":{"line":12,"column":68}},"12":{"start":{"line":13,"column":0},"end":{"line":13,"column":39}},"13":{"start":{"line":14,"column":0},"end":{"line":14,"column":5}},"14":{"start":{"line":15,"column":0},"end":{"line":15,"column":41}},"16":{"start":{"line":17,"column":0},"end":{"line":17,"column":81}},"18":{"start":{"line":19,"column":0},"end":{"line":19,"column":44}},"19":{"start":{"line":20,"column":0},"end":{"line":20,"column":25}},"20":{"start":{"line":21,"column":0},"end":{"line":21,"column":4}},"22":{"start":{"line":23,"column":0},"end":{"line":23,"column":32}},"23":{"start":{"line":24,"column":0},"end":{"line":24,"column":31}},"24":{"start":{"line":25,"column":0},"end":{"line":25,"column":58}},"25":{"start":{"line":26,"column":0},"end":{"line":26,"column":5}},"26":{"start":{"line":27,"column":0},"end":{"line":27,"column":4}},"28":{"start":{"line":29,"column":0},"end":{"line":29,"column":32}},"29":{"start":{"line":30,"column":0},"end":{"line":30,"column":22}},"30":{"start":{"line":31,"column":0},"end":{"line":31,"column":70}},"31":{"start":{"line":32,"column":0},"end":{"line":32,"column":49}},"32":{"start":{"line":33,"column":0},"end":{"line":33,"column":56}},"33":{"start":{"line":34,"column":0},"end":{"line":34,"column":58}},"34":{"start":{"line":35,"column":0},"end":{"line":35,"column":5}},"35":{"start":{"line":36,"column":0},"end":{"line":36,"column":4}},"37":{"start":{"line":38,"column":0},"end":{"line":38,"column":37}},"38":{"start":{"line":39,"column":0},"end":{"line":39,"column":56}},"39":{"start":{"line":40,"column":0},"end":{"line":40,"column":4}},"41":{"start":{"line":42,"column":0},"end":{"line":42,"column":71}},"43":{"start":{"line":44,"column":0},"end":{"line":44,"column":10}},"44":{"start":{"line":45,"column":0},"end":{"line":45,"column":116}},"45":{"start":{"line":46,"column":0},"end":{"line":46,"column":34}},"47":{"start":{"line":48,"column":0},"end":{"line":48,"column":20}},"48":{"start":{"line":49,"column":0},"end":{"line":49,"column":36}},"50":{"start":{"line":51,"column":0},"end":{"line":51,"column":26}},"51":{"start":{"line":52,"column":0},"end":{"line":52,"column":29}},"52":{"start":{"line":53,"column":0},"end":{"line":53,"column":32}},"53":{"start":{"line":54,"column":0},"end":{"line":54,"column":49}},"54":{"start":{"line":55,"column":0},"end":{"line":55,"column":42}},"55":{"start":{"line":56,"column":0},"end":{"line":56,"column":41}},"56":{"start":{"line":57,"column":0},"end":{"line":57,"column":41}},"57":{"start":{"line":58,"column":0},"end":{"line":58,"column":51}},"58":{"start":{"line":59,"column":0},"end":{"line":59,"column":39}},"59":{"start":{"line":60,"column":0},"end":{"line":60,"column":45}},"60":{"start":{"line":61,"column":0},"end":{"line":61,"column":14}},"63":{"start":{"line":64,"column":0},"end":{"line":64,"column":12}},"64":{"start":{"line":65,"column":0},"end":{"line":65,"column":43}},"66":{"start":{"line":67,"column":0},"end":{"line":67,"column":20}},"67":{"start":{"line":68,"column":0},"end":{"line":68,"column":36}},"69":{"start":{"line":70,"column":0},"end":{"line":70,"column":19}},"70":{"start":{"line":71,"column":0},"end":{"line":71,"column":31}},"71":{"start":{"line":72,"column":0},"end":{"line":72,"column":41}},"72":{"start":{"line":73,"column":0},"end":{"line":73,"column":43}},"73":{"start":{"line":74,"column":0},"end":{"line":74,"column":12}},"75":{"start":{"line":76,"column":0},"end":{"line":76,"column":59}},"76":{"start":{"line":77,"column":0},"end":{"line":77,"column":92}},"77":{"start":{"line":78,"column":0},"end":{"line":78,"column":14}},"78":{"start":{"line":79,"column":0},"end":{"line":79,"column":12}},"79":{"start":{"line":80,"column":0},"end":{"line":80,"column":10}},"81":{"start":{"line":82,"column":0},"end":{"line":82,"column":1}}},"s":{"0":1,"1":1,"2":1,"3":1,"5":24,"6":24,"7":24,"8":24,"10":24,"11":22,"12":6,"13":6,"14":24,"16":24,"18":24,"19":0,"20":0,"22":24,"23":1,"24":1,"25":1,"26":1,"28":24,"29":2,"30":0,"31":0,"32":2,"33":2,"34":2,"35":2,"37":24,"38":2,"39":2,"41":24,"43":24,"44":24,"45":24,"47":24,"48":7,"50":17,"51":11,"52":11,"53":11,"54":11,"55":11,"56":11,"57":11,"58":11,"59":11,"60":11,"63":24,"64":24,"66":24,"67":7,"69":17,"70":17,"71":17,"72":17,"73":17,"75":24,"76":24,"77":24,"78":24,"79":24,"81":24},"branchMap":{"0":{"type":"branch","line":6,"loc":{"start":{"line":6,"column":0},"end":{"line":82,"column":1}},"locations":[{"start":{"line":6,"column":0},"end":{"line":82,"column":1}}]},"1":{"type":"branch","line":48,"loc":{"start":{"line":48,"column":9},"end":{"line":49,"column":36}},"locations":[{"start":{"line":48,"column":9},"end":{"line":49,"column":36}}]},"2":{"type":"branch","line":49,"loc":{"start":{"line":49,"column":32},"end":{"line":61,"column":14}},"locations":[{"start":{"line":49,"column":32},"end":{"line":61,"column":14}}]},"3":{"type":"branch","line":51,"loc":{"start":{"line":51,"column":10},"end":{"line":61,"column":14}},"locations":[{"start":{"line":51,"column":10},"end":{"line":61,"column":14}}]},"4":{"type":"branch","line":67,"loc":{"start":{"line":67,"column":9},"end":{"line":68,"column":36}},"locations":[{"start":{"line":67,"column":9},"end":{"line":68,"column":36}}]},"5":{"type":"branch","line":68,"loc":{"start":{"line":68,"column":32},"end":{"line":74,"column":12}},"locations":[{"start":{"line":68,"column":32},"end":{"line":74,"column":12}}]},"6":{"type":"branch","line":11,"loc":{"start":{"line":11,"column":12},"end":{"line":15,"column":5}},"locations":[{"start":{"line":11,"column":12},"end":{"line":15,"column":5}}]},"7":{"type":"branch","line":12,"loc":{"start":{"line":12,"column":9},"end":{"line":12,"column":43}},"locations":[{"start":{"line":12,"column":9},"end":{"line":12,"column":43}}]},"8":{"type":"branch","line":12,"loc":{"start":{"line":12,"column":38},"end":{"line":12,"column":67}},"locations":[{"start":{"line":12,"column":38},"end":{"line":12,"column":67}}]},"9":{"type":"branch","line":12,"loc":{"start":{"line":12,"column":67},"end":{"line":14,"column":5}},"locations":[{"start":{"line":12,"column":67},"end":{"line":14,"column":5}}]},"10":{"type":"branch","line":17,"loc":{"start":{"line":17,"column":46},"end":{"line":17,"column":79}},"locations":[{"start":{"line":17,"column":46},"end":{"line":17,"column":79}}]},"11":{"type":"branch","line":23,"loc":{"start":{"line":23,"column":25},"end":{"line":27,"column":4}},"locations":[{"start":{"line":23,"column":25},"end":{"line":27,"column":4}}]},"12":{"type":"branch","line":29,"loc":{"start":{"line":29,"column":25},"end":{"line":36,"column":4}},"locations":[{"start":{"line":29,"column":25},"end":{"line":36,"column":4}}]},"13":{"type":"branch","line":30,"loc":{"start":{"line":30,"column":21},"end":{"line":33,"column":15}},"locations":[{"start":{"line":30,"column":21},"end":{"line":33,"column":15}}]},"14":{"type":"branch","line":38,"loc":{"start":{"line":38,"column":30},"end":{"line":40,"column":4}},"locations":[{"start":{"line":38,"column":30},"end":{"line":40,"column":4}}]},"15":{"type":"branch","line":39,"loc":{"start":{"line":39,"column":19},"end":{"line":39,"column":54}},"locations":[{"start":{"line":39,"column":19},"end":{"line":39,"column":54}}]},"16":{"type":"branch","line":42,"loc":{"start":{"line":42,"column":36},"end":{"line":42,"column":69}},"locations":[{"start":{"line":42,"column":36},"end":{"line":42,"column":69}}]}},"b":{"0":[24],"1":[7],"2":[17],"3":[11],"4":[7],"5":[17],"6":[22],"7":[15],"8":[15],"9":[6],"10":[43],"11":[1],"12":[2],"13":[0],"14":[2],"15":[2],"16":[43]},"fnMap":{"0":{"name":"MusicPlayer","decl":{"start":{"line":6,"column":0},"end":{"line":82,"column":1}},"loc":{"start":{"line":6,"column":0},"end":{"line":82,"column":1}},"line":6},"1":{"name":"handleSongSelect","decl":{"start":{"line":19,"column":27},"end":{"line":21,"column":4}},"loc":{"start":{"line":19,"column":27},"end":{"line":21,"column":4}},"line":19},"2":{"name":"handlePrevSong","decl":{"start":{"line":23,"column":25},"end":{"line":27,"column":4}},"loc":{"start":{"line":23,"column":25},"end":{"line":27,"column":4}},"line":23},"3":{"name":"handleNextSong","decl":{"start":{"line":29,"column":25},"end":{"line":36,"column":4}},"loc":{"start":{"line":29,"column":25},"end":{"line":36,"column":4}},"line":29},"4":{"name":"handleShuffleToggle","decl":{"start":{"line":38,"column":30},"end":{"line":40,"column":4}},"loc":{"start":{"line":38,"column":30},"end":{"line":40,"column":4}},"line":38}},"f":{"0":24,"1":0,"2":1,"3":2,"4":2}}
,"/Users/puzzle/Desktop/Holberton_School_Projects/atlas-react-testing/src/main.jsx": {"path":"/Users/puzzle/Desktop/Holberton_School_Projects/atlas-react-testing/src/main.jsx","all":false,"statementMap":{"0":{"start":{"line":1,"column":0},"end":{"line":1,"column":26}},"1":{"start":{"line":2,"column":0},"end":{"line":2,"column":40}},"2":{"start":{"line":3,"column":0},"end":{"line":3,"column":28}},"3":{"start":{"line":4,"column":0},"end":{"line":4,"column":21}},"5":{"start":{"line":6,"column":0},"end":{"line":6,"column":60}},"6":{"start":{"line":7,"column":0},"end":{"line":7,"column":20}},"7":{"start":{"line":8,"column":0},"end":{"line":8,"column":11}},"8":{"start":{"line":9,"column":0},"end":{"line":9,"column":21}},"9":{"start":{"line":10,"column":0},"end":{"line":10,"column":2}}},"s":{"0":1,"1":1,"2":1,"3":1,"5":1,"6":1,"7":1,"8":1,"9":1},"branchMap":{},"b":{},"fnMap":{},"f":{}}
,"/Users/puzzle/Desktop/Holberton_School_Projects/atlas-react-testing/src/components/CoverArt.tsx": {"path":"/Users/puzzle/Desktop/Holberton_School_Projects/atlas-react-testing/src/components/CoverArt.tsx","all":false,"statementMap":{"0":{"start":{"line":1,"column":0},"end":{"line":1,"column":26}},"1":{"start":{"line":2,"column":0},"end":{"line":2,"column":44}},"8":{"start":{"line":9,"column":0},"end":{"line":9,"column":67}},"9":{"start":{"line":10,"column":0},"end":{"line":10,"column":10}},"10":{"start":{"line":11,"column":0},"end":{"line":11,"column":57}},"11":{"start":{"line":12,"column":0},"end":{"line":12,"column":72}},"12":{"start":{"line":13,"column":0},"end":{"line":13,"column":10}},"14":{"start":{"line":15,"column":0},"end":{"line":15,"column":2}},"16":{"start":{"line":17,"column":0},"end":{"line":17,"column":24}}},"s":{"0":1,"1":1,"8":1,"9":14,"10":14,"11":14,"12":14,"14":14,"16":1},"branchMap":{"0":{"type":"branch","line":9,"loc":{"start":{"line":9,"column":42},"end":{"line":15,"column":2}},"locations":[{"start":{"line":9,"column":42},"end":{"line":15,"column":2}}]}},"b":{"0":[14]},"fnMap":{"0":{"name":"CoverArt","decl":{"start":{"line":9,"column":42},"end":{"line":15,"column":2}},"loc":{"start":{"line":9,"column":42},"end":{"line":15,"column":2}},"line":9}},"f":{"0":14}}
,"/Users/puzzle/Desktop/Holberton_School_Projects/atlas-react-testing/src/components/CurrentlyPlaying.tsx": {"path":"/Users/puzzle/Desktop/Holberton_School_Projects/atlas-react-testing/src/components/CurrentlyPlaying.tsx","all":false,"statementMap":{"0":{"start":{"line":1,"column":0},"end":{"line":1,"column":26}},"1":{"start":{"line":2,"column":0},"end":{"line":2,"column":34}},"2":{"start":{"line":3,"column":0},"end":{"line":3,"column":42}},"3":{"start":{"line":4,"column":0},"end":{"line":4,"column":44}},"4":{"start":{"line":5,"column":0},"end":{"line":5,"column":36}},"25":{"start":{"line":26,"column":0},"end":{"line":26,"column":60}},"26":{"start":{"line":27,"column":0},"end":{"line":27,"column":7}},"27":{"start":{"line":28,"column":0},"end":{"line":28,"column":19}},"28":{"start":{"line":29,"column":0},"end":{"line":29,"column":13}},"29":{"start":{"line":30,"column":0},"end":{"line":30,"column":13}},"30":{"start":{"line":31,"column":0},"end":{"line":31,"column":13}},"31":{"start":{"line":32,"column":0},"end":{"line":32,"column":18}},"32":{"start":{"line":33,"column":0},"end":{"line":33,"column":14}},"33":{"start":{"line":34,"column":0},"end":{"line":34,"column":24}},"34":{"start":{"line":35,"column":0},"end":{"line":35,"column":7}},"35":{"start":{"line":36,"column":0},"end":{"line":36,"column":10}},"36":{"start":{"line":37,"column":0},"end":{"line":37,"column":75}},"38":{"start":{"line":39,"column":0},"end":{"line":39,"column":52}},"39":{"start":{"line":40,"column":0},"end":{"line":40,"column":28}},"41":{"start":{"line":42,"column":0},"end":{"line":42,"column":61}},"42":{"start":{"line":43,"column":0},"end":{"line":43,"column":12}},"43":{"start":{"line":44,"column":0},"end":{"line":44,"column":28}},"44":{"start":{"line":45,"column":0},"end":{"line":45,"column":21}},"45":{"start":{"line":46,"column":0},"end":{"line":46,"column":45}},"46":{"start":{"line":47,"column":0},"end":{"line":47,"column":33}},"47":{"start":{"line":48,"column":0},"end":{"line":48,"column":33}},"48":{"start":{"line":49,"column":0},"end":{"line":49,"column":33}},"49":{"start":{"line":50,"column":0},"end":{"line":50,"column":43}},"50":{"start":{"line":51,"column":0},"end":{"line":51,"column":35}},"51":{"start":{"line":52,"column":0},"end":{"line":52,"column":10}},"52":{"start":{"line":53,"column":0},"end":{"line":53,"column":12}},"53":{"start":{"line":54,"column":0},"end":{"line":54,"column":55}},"54":{"start":{"line":55,"column":0},"end":{"line":55,"column":25}},"55":{"start":{"line":56,"column":0},"end":{"line":56,"column":12}},"56":{"start":{"line":57,"column":0},"end":{"line":57,"column":10}},"58":{"start":{"line":59,"column":0},"end":{"line":59,"column":2}},"60":{"start":{"line":61,"column":0},"end":{"line":61,"column":32}}},"s":{"0":1,"1":1,"2":1,"3":1,"4":1,"25":1,"26":11,"27":11,"28":11,"29":11,"30":11,"31":11,"32":11,"33":11,"34":11,"35":11,"36":11,"38":11,"39":11,"41":11,"42":11,"43":11,"44":11,"45":11,"46":11,"47":11,"48":11,"49":11,"50":11,"51":11,"52":11,"53":11,"54":11,"55":11,"56":11,"58":11,"60":1},"branchMap":{"0":{"type":"branch","line":26,"loc":{"start":{"line":26,"column":58},"end":{"line":59,"column":2}},"locations":[{"start":{"line":26,"column":58},"end":{"line":59,"column":2}}]}},"b":{"0":[11]},"fnMap":{"0":{"name":"CurrentlyPlaying","decl":{"start":{"line":26,"column":58},"end":{"line":59,"column":2}},"loc":{"start":{"line":26,"column":58},"end":{"line":59,"column":2}},"line":26}},"f":{"0":11}}
,"/Users/puzzle/Desktop/Holberton_School_Projects/atlas-react-testing/src/components/Footer.tsx": {"path":"/Users/puzzle/Desktop/Holberton_School_Projects/atlas-react-testing/src/components/Footer.tsx","all":false,"statementMap":{"0":{"start":{"line":1,"column":0},"end":{"line":1,"column":34}},"1":{"start":{"line":2,"column":0},"end":{"line":2,"column":40}},"2":{"start":{"line":3,"column":0},"end":{"line":3,"column":10}},"3":{"start":{"line":4,"column":0},"end":{"line":4,"column":93}},"4":{"start":{"line":5,"column":0},"end":{"line":5,"column":32}},"5":{"start":{"line":6,"column":0},"end":{"line":6,"column":10}},"7":{"start":{"line":8,"column":0},"end":{"line":8,"column":1}}},"s":{"0":2,"1":2,"2":2,"3":2,"4":2,"5":2,"7":2},"branchMap":{"0":{"type":"branch","line":1,"loc":{"start":{"line":1,"column":0},"end":{"line":8,"column":1}},"locations":[{"start":{"line":1,"column":0},"end":{"line":8,"column":1}}]}},"b":{"0":[2]},"fnMap":{"0":{"name":"Footer","decl":{"start":{"line":1,"column":0},"end":{"line":8,"column":1}},"loc":{"start":{"line":1,"column":0},"end":{"line":8,"column":1}},"line":1}},"f":{"0":2}}
,"/Users/puzzle/Desktop/Holberton_School_Projects/atlas-react-testing/src/components/PlayControls.tsx": {"path":"/Users/puzzle/Desktop/Holberton_School_Projects/atlas-react-testing/src/components/PlayControls.tsx","all":false,"statementMap":{"0":{"start":{"line":1,"column":0},"end":{"line":1,"column":40}},"1":{"start":{"line":2,"column":0},"end":{"line":2,"column":40}},"2":{"start":{"line":3,"column":0},"end":{"line":3,"column":42}},"3":{"start":{"line":4,"column":0},"end":{"line":4,"column":44}},"4":{"start":{"line":5,"column":0},"end":{"line":5,"column":49}},"5":{"start":{"line":6,"column":0},"end":{"line":6,"column":41}},"16":{"start":{"line":17,"column":0},"end":{"line":17,"column":52}},"17":{"start":{"line":18,"column":0},"end":{"line":18,"column":19}},"18":{"start":{"line":19,"column":0},"end":{"line":19,"column":13}},"19":{"start":{"line":20,"column":0},"end":{"line":20,"column":13}},"20":{"start":{"line":21,"column":0},"end":{"line":21,"column":13}},"21":{"start":{"line":22,"column":0},"end":{"line":22,"column":18}},"22":{"start":{"line":23,"column":0},"end":{"line":23,"column":14}},"23":{"start":{"line":24,"column":0},"end":{"line":24,"column":7}},"24":{"start":{"line":25,"column":0},"end":{"line":25,"column":40}},"25":{"start":{"line":26,"column":0},"end":{"line":26,"column":52}},"27":{"start":{"line":28,"column":0},"end":{"line":28,"column":35}},"28":{"start":{"line":29,"column":0},"end":{"line":29,"column":49}},"29":{"start":{"line":30,"column":0},"end":{"line":30,"column":23}},"30":{"start":{"line":31,"column":0},"end":{"line":31,"column":44}},"31":{"start":{"line":32,"column":0},"end":{"line":32,"column":4}},"33":{"start":{"line":34,"column":0},"end":{"line":34,"column":33}},"34":{"start":{"line":35,"column":0},"end":{"line":35,"column":52}},"35":{"start":{"line":36,"column":0},"end":{"line":36,"column":40}},"36":{"start":{"line":37,"column":0},"end":{"line":37,"column":4}},"38":{"start":{"line":39,"column":0},"end":{"line":39,"column":10}},"39":{"start":{"line":40,"column":0},"end":{"line":40,"column":64}},"40":{"start":{"line":41,"column":0},"end":{"line":41,"column":77}},"41":{"start":{"line":42,"column":0},"end":{"line":42,"column":16}},"42":{"start":{"line":43,"column":0},"end":{"line":43,"column":15}},"44":{"start":{"line":45,"column":0},"end":{"line":45,"column":104}},"45":{"start":{"line":46,"column":0},"end":{"line":46,"column":59}},"46":{"start":{"line":47,"column":0},"end":{"line":47,"column":15}},"48":{"start":{"line":49,"column":0},"end":{"line":49,"column":100}},"49":{"start":{"line":50,"column":0},"end":{"line":50,"column":109}},"50":{"start":{"line":51,"column":0},"end":{"line":51,"column":15}},"52":{"start":{"line":53,"column":0},"end":{"line":53,"column":13}},"53":{"start":{"line":54,"column":0},"end":{"line":54,"column":42}},"54":{"start":{"line":55,"column":0},"end":{"line":55,"column":28}},"55":{"start":{"line":56,"column":0},"end":{"line":56,"column":70}},"57":{"start":{"line":58,"column":0},"end":{"line":58,"column":63}},"58":{"start":{"line":59,"column":0},"end":{"line":59,"column":15}},"60":{"start":{"line":61,"column":0},"end":{"line":61,"column":113}},"61":{"start":{"line":62,"column":0},"end":{"line":62,"column":63}},"62":{"start":{"line":63,"column":0},"end":{"line":63,"column":15}},"63":{"start":{"line":64,"column":0},"end":{"line":64,"column":10}},"65":{"start":{"line":66,"column":0},"end":{"line":66,"column":2}},"67":{"start":{"line":68,"column":0},"end":{"line":68,"column":28}}},"s":{"0":1,"1":1,"2":1,"3":1,"4":1,"5":1,"16":1,"17":13,"18":13,"19":13,"20":13,"21":13,"22":13,"23":13,"24":13,"25":13,"27":13,"28":0,"29":0,"30":0,"31":0,"33":13,"34":2,"35":2,"36":2,"38":13,"39":13,"40":13,"41":13,"42":13,"44":13,"45":13,"46":13,"48":13,"49":13,"50":13,"52":13,"53":13,"54":13,"55":13,"57":13,"58":13,"60":13,"61":13,"62":13,"63":13,"65":13,"67":1},"branchMap":{"0":{"type":"branch","line":17,"loc":{"start":{"line":17,"column":50},"end":{"line":66,"column":2}},"locations":[{"start":{"line":17,"column":50},"end":{"line":66,"column":2}}]},"1":{"type":"branch","line":50,"loc":{"start":{"line":50,"column":18},"end":{"line":50,"column":42}},"locations":[{"start":{"line":50,"column":18},"end":{"line":50,"column":42}}]},"2":{"type":"branch","line":50,"loc":{"start":{"line":50,"column":30},"end":{"line":50,"column":52}},"locations":[{"start":{"line":50,"column":30},"end":{"line":50,"column":52}}]},"3":{"type":"branch","line":50,"loc":{"start":{"line":50,"column":57},"end":{"line":50,"column":79}},"locations":[{"start":{"line":50,"column":57},"end":{"line":50,"column":79}}]},"4":{"type":"branch","line":50,"loc":{"start":{"line":50,"column":69},"end":{"line":50,"column":87}},"locations":[{"start":{"line":50,"column":69},"end":{"line":50,"column":87}}]},"5":{"type":"branch","line":56,"loc":{"start":{"line":56,"column":52},"end":{"line":56,"column":70}},"locations":[{"start":{"line":56,"column":52},"end":{"line":56,"column":70}}]},"6":{"type":"branch","line":61,"loc":{"start":{"line":61,"column":40},"end":{"line":61,"column":71}},"locations":[{"start":{"line":61,"column":40},"end":{"line":61,"column":71}}]},"7":{"type":"branch","line":61,"loc":{"start":{"line":61,"column":54},"end":{"line":61,"column":83}},"locations":[{"start":{"line":61,"column":54},"end":{"line":61,"column":83}}]},"8":{"type":"branch","line":34,"loc":{"start":{"line":34,"column":26},"end":{"line":37,"column":4}},"locations":[{"start":{"line":34,"column":26},"end":{"line":37,"column":4}}]},"9":{"type":"branch","line":35,"loc":{"start":{"line":35,"column":17},"end":{"line":35,"column":50}},"locations":[{"start":{"line":35,"column":17},"end":{"line":35,"column":50}}]}},"b":{"0":[13],"1":[1],"2":[12],"3":[1],"4":[12],"5":[0],"6":[1],"7":[12],"8":[2],"9":[2]},"fnMap":{"0":{"name":"PlayControls","decl":{"start":{"line":17,"column":50},"end":{"line":66,"column":2}},"loc":{"start":{"line":17,"column":50},"end":{"line":66,"column":2}},"line":17},"1":{"name":"handleSpeedChange","decl":{"start":{"line":28,"column":28},"end":{"line":32,"column":4}},"loc":{"start":{"line":28,"column":28},"end":{"line":32,"column":4}},"line":28},"2":{"name":"handlePlayPause","decl":{"start":{"line":34,"column":26},"end":{"line":37,"column":4}},"loc":{"start":{"line":34,"column":26},"end":{"line":37,"column":4}},"line":34}},"f":{"0":13,"1":0,"2":2}}
,"/Users/puzzle/Desktop/Holberton_School_Projects/atlas-react-testing/src/components/PlayListItem.tsx": {"path":"/Users/puzzle/Desktop/Holberton_School_Projects/atlas-react-testing/src/components/PlayListItem.tsx","all":false,"statementMap":{"0":{"start":{"line":1,"column":0},"end":{"line":1,"column":26}},"9":{"start":{"line":10,"column":0},"end":{"line":10,"column":95}},"10":{"start":{"line":11,"column":0},"end":{"line":11,"column":10}},"11":{"start":{"line":12,"column":0},"end":{"line":12,"column":59}},"12":{"start":{"line":13,"column":0},"end":{"line":13,"column":50}},"13":{"start":{"line":14,"column":0},"end":{"line":14,"column":35}},"14":{"start":{"line":15,"column":0},"end":{"line":15,"column":56}},"15":{"start":{"line":16,"column":0},"end":{"line":16,"column":63}},"16":{"start":{"line":17,"column":0},"end":{"line":17,"column":14}},"17":{"start":{"line":18,"column":0},"end":{"line":18,"column":76}},"18":{"start":{"line":19,"column":0},"end":{"line":19,"column":12}},"19":{"start":{"line":20,"column":0},"end":{"line":20,"column":10}},"21":{"start":{"line":22,"column":0},"end":{"line":22,"column":2}},"23":{"start":{"line":24,"column":0},"end":{"line":24,"column":28}}},"s":{"0":1,"9":1,"10":88,"11":88,"12":88,"13":88,"14":88,"15":88,"16":88,"17":88,"18":88,"19":88,"21":88,"23":1},"branchMap":{"0":{"type":"branch","line":10,"loc":{"start":{"line":10,"column":50},"end":{"line":22,"column":2}},"locations":[{"start":{"line":10,"column":50},"end":{"line":22,"column":2}}]}},"b":{"0":[88]},"fnMap":{"0":{"name":"PlayListItem","decl":{"start":{"line":10,"column":50},"end":{"line":22,"column":2}},"loc":{"start":{"line":10,"column":50},"end":{"line":22,"column":2}},"line":10}},"f":{"0":88}}
,"/Users/puzzle/Desktop/Holberton_School_Projects/atlas-react-testing/src/components/Playlist.tsx": {"path":"/Users/puzzle/Desktop/Holberton_School_Projects/atlas-react-testing/src/components/Playlist.tsx","all":false,"statementMap":{"0":{"start":{"line":1,"column":0},"end":{"line":1,"column":26}},"1":{"start":{"line":2,"column":0},"end":{"line":2,"column":46}},"16":{"start":{"line":17,"column":0},"end":{"line":17,"column":90}},"17":{"start":{"line":18,"column":0},"end":{"line":18,"column":43}},"18":{"start":{"line":19,"column":0},"end":{"line":19,"column":37}},"19":{"start":{"line":20,"column":0},"end":{"line":20,"column":3}},"21":{"start":{"line":22,"column":0},"end":{"line":22,"column":10}},"22":{"start":{"line":23,"column":0},"end":{"line":23,"column":25}},"23":{"start":{"line":24,"column":0},"end":{"line":24,"column":58}},"24":{"start":{"line":25,"column":0},"end":{"line":25,"column":11}},"25":{"start":{"line":26,"column":0},"end":{"line":26,"column":33}},"26":{"start":{"line":27,"column":0},"end":{"line":27,"column":14}},"27":{"start":{"line":28,"column":0},"end":{"line":28,"column":25}},"28":{"start":{"line":29,"column":0},"end":{"line":29,"column":49}},"29":{"start":{"line":30,"column":0},"end":{"line":30,"column":111}},"31":{"start":{"line":32,"column":0},"end":{"line":32,"column":25}},"32":{"start":{"line":33,"column":0},"end":{"line":33,"column":32}},"33":{"start":{"line":34,"column":0},"end":{"line":34,"column":34}},"34":{"start":{"line":35,"column":0},"end":{"line":35,"column":38}},"35":{"start":{"line":36,"column":0},"end":{"line":36,"column":72}},"36":{"start":{"line":37,"column":0},"end":{"line":37,"column":14}},"37":{"start":{"line":38,"column":0},"end":{"line":38,"column":16}},"38":{"start":{"line":39,"column":0},"end":{"line":39,"column":11}},"39":{"start":{"line":40,"column":0},"end":{"line":40,"column":12}},"40":{"start":{"line":41,"column":0},"end":{"line":41,"column":10}},"42":{"start":{"line":43,"column":0},"end":{"line":43,"column":2}},"44":{"start":{"line":45,"column":0},"end":{"line":45,"column":24}}},"s":{"0":1,"1":1,"16":1,"17":17,"18":0,"19":0,"21":17,"22":17,"23":17,"24":17,"25":17,"26":85,"27":85,"28":85,"29":85,"31":85,"32":85,"33":85,"34":85,"35":85,"36":85,"37":85,"38":17,"39":17,"40":17,"42":17,"44":1},"branchMap":{"0":{"type":"branch","line":17,"loc":{"start":{"line":17,"column":42},"end":{"line":43,"column":2}},"locations":[{"start":{"line":17,"column":42},"end":{"line":43,"column":2}}]},"1":{"type":"branch","line":18,"loc":{"start":{"line":18,"column":42},"end":{"line":20,"column":3}},"locations":[{"start":{"line":18,"column":42},"end":{"line":20,"column":3}}]},"2":{"type":"branch","line":26,"loc":{"start":{"line":26,"column":22},"end":{"line":38,"column":16}},"locations":[{"start":{"line":26,"column":22},"end":{"line":38,"column":16}}]},"3":{"type":"branch","line":30,"loc":{"start":{"line":30,"column":53},"end":{"line":30,"column":85}},"locations":[{"start":{"line":30,"column":53},"end":{"line":30,"column":85}}]},"4":{"type":"branch","line":30,"loc":{"start":{"line":30,"column":69},"end":{"line":30,"column":95}},"locations":[{"start":{"line":30,"column":69},"end":{"line":30,"column":95}}]},"5":{"type":"branch","line":36,"loc":{"start":{"line":36,"column":37},"end":{"line":36,"column":69}},"locations":[{"start":{"line":36,"column":37},"end":{"line":36,"column":69}}]},"6":{"type":"branch","line":36,"loc":{"start":{"line":36,"column":53},"end":{"line":36,"column":72}},"locations":[{"start":{"line":36,"column":53},"end":{"line":36,"column":72}}]}},"b":{"0":[17],"1":[0],"2":[85],"3":[11],"4":[74],"5":[11],"6":[74]},"fnMap":{"0":{"name":"Playlist","decl":{"start":{"line":17,"column":42},"end":{"line":43,"column":2}},"loc":{"start":{"line":17,"column":42},"end":{"line":43,"column":2}},"line":17},"1":{"name":"onClick","decl":{"start":{"line":29,"column":21},"end":{"line":29,"column":49}},"loc":{"start":{"line":29,"column":21},"end":{"line":29,"column":49}},"line":29}},"f":{"0":17,"1":0}}
,"/Users/puzzle/Desktop/Holberton_School_Projects/atlas-react-testing/src/components/SongTitle.tsx": {"path":"/Users/puzzle/Desktop/Holberton_School_Projects/atlas-react-testing/src/components/SongTitle.tsx","all":false,"statementMap":{"0":{"start":{"line":1,"column":0},"end":{"line":1,"column":26}},"7":{"start":{"line":8,"column":0},"end":{"line":8,"column":68}},"8":{"start":{"line":9,"column":0},"end":{"line":9,"column":10}},"9":{"start":{"line":10,"column":0},"end":{"line":10,"column":33}},"10":{"start":{"line":11,"column":0},"end":{"line":11,"column":52}},"11":{"start":{"line":12,"column":0},"end":{"line":12,"column":55}},"12":{"start":{"line":13,"column":0},"end":{"line":13,"column":10}},"14":{"start":{"line":15,"column":0},"end":{"line":15,"column":2}},"16":{"start":{"line":17,"column":0},"end":{"line":17,"column":25}}},"s":{"0":1,"7":1,"8":14,"9":14,"10":14,"11":14,"12":14,"14":14,"16":1},"branchMap":{"0":{"type":"branch","line":8,"loc":{"start":{"line":8,"column":44},"end":{"line":15,"column":2}},"locations":[{"start":{"line":8,"column":44},"end":{"line":15,"column":2}}]}},"b":{"0":[14]},"fnMap":{"0":{"name":"SongTitle","decl":{"start":{"line":8,"column":44},"end":{"line":15,"column":2}},"loc":{"start":{"line":8,"column":44},"end":{"line":15,"column":2}},"line":8}},"f":{"0":14}}
,"/Users/puzzle/Desktop/Holberton_School_Projects/atlas-react-testing/src/components/VolumeControl.tsx": {"path":"/Users/puzzle/Desktop/Holberton_School_Projects/atlas-react-testing/src/components/VolumeControl.tsx","all":false,"statementMap":{"0":{"start":{"line":1,"column":0},"end":{"line":1,"column":40}},"1":{"start":{"line":2,"column":0},"end":{"line":2,"column":53}},"2":{"start":{"line":3,"column":0},"end":{"line":3,"column":42}},"4":{"start":{"line":5,"column":0},"end":{"line":5,"column":29}},"5":{"start":{"line":6,"column":0},"end":{"line":6,"column":41}},"7":{"start":{"line":8,"column":0},"end":{"line":8,"column":68}},"8":{"start":{"line":9,"column":0},"end":{"line":9,"column":44}},"9":{"start":{"line":10,"column":0},"end":{"line":10,"column":23}},"10":{"start":{"line":11,"column":0},"end":{"line":11,"column":99}},"11":{"start":{"line":12,"column":0},"end":{"line":12,"column":4}},"13":{"start":{"line":14,"column":0},"end":{"line":14,"column":10}},"14":{"start":{"line":15,"column":0},"end":{"line":15,"column":54}},"15":{"start":{"line":16,"column":0},"end":{"line":16,"column":11}},"16":{"start":{"line":17,"column":0},"end":{"line":17,"column":50}},"17":{"start":{"line":18,"column":0},"end":{"line":18,"column":46}},"18":{"start":{"line":19,"column":0},"end":{"line":19,"column":28}},"19":{"start":{"line":20,"column":0},"end":{"line":20,"column":8}},"20":{"start":{"line":21,"column":0},"end":{"line":21,"column":12}},"21":{"start":{"line":22,"column":0},"end":{"line":22,"column":24}},"22":{"start":{"line":23,"column":0},"end":{"line":23,"column":20}},"23":{"start":{"line":24,"column":0},"end":{"line":24,"column":15}},"24":{"start":{"line":25,"column":0},"end":{"line":25,"column":17}},"25":{"start":{"line":26,"column":0},"end":{"line":26,"column":21}},"26":{"start":{"line":27,"column":0},"end":{"line":27,"column":31}},"27":{"start":{"line":28,"column":0},"end":{"line":28,"column":94}},"28":{"start":{"line":29,"column":0},"end":{"line":29,"column":16}},"29":{"start":{"line":30,"column":0},"end":{"line":30,"column":83}},"30":{"start":{"line":31,"column":0},"end":{"line":31,"column":35}},"31":{"start":{"line":32,"column":0},"end":{"line":32,"column":10}},"32":{"start":{"line":33,"column":0},"end":{"line":33,"column":8}},"33":{"start":{"line":34,"column":0},"end":{"line":34,"column":10}},"35":{"start":{"line":36,"column":0},"end":{"line":36,"column":2}},"37":{"start":{"line":38,"column":0},"end":{"line":38,"column":29}}},"s":{"0":1,"1":1,"2":1,"4":1,"5":18,"7":18,"8":4,"9":4,"10":4,"11":4,"13":18,"14":18,"15":18,"16":18,"17":18,"18":18,"19":18,"20":18,"21":18,"22":18,"23":18,"24":18,"25":18,"26":18,"27":18,"28":18,"29":18,"30":18,"31":18,"32":18,"33":18,"35":18,"37":1},"branchMap":{"0":{"type":"branch","line":5,"loc":{"start":{"line":5,"column":22},"end":{"line":36,"column":2}},"locations":[{"start":{"line":5,"column":22},"end":{"line":36,"column":2}}]},"1":{"type":"branch","line":17,"loc":{"start":{"line":17,"column":23},"end":{"line":17,"column":38}},"locations":[{"start":{"line":17,"column":23},"end":{"line":17,"column":38}}]},"2":{"type":"branch","line":17,"loc":{"start":{"line":17,"column":27},"end":{"line":17,"column":50}},"locations":[{"start":{"line":17,"column":27},"end":{"line":17,"column":50}}]},"3":{"type":"branch","line":18,"loc":{"start":{"line":18,"column":23},"end":{"line":18,"column":36}},"locations":[{"start":{"line":18,"column":23},"end":{"line":18,"column":36}}]},"4":{"type":"branch","line":18,"loc":{"start":{"line":18,"column":27},"end":{"line":18,"column":46}},"locations":[{"start":{"line":18,"column":27},"end":{"line":18,"column":46}}]},"5":{"type":"branch","line":8,"loc":{"start":{"line":8,"column":23},"end":{"line":12,"column":4}},"locations":[{"start":{"line":8,"column":23},"end":{"line":12,"column":4}}]}},"b":{"0":[18],"1":[1],"2":[17],"3":[1],"4":[17],"5":[4]},"fnMap":{"0":{"name":"VolumeControl","decl":{"start":{"line":5,"column":22},"end":{"line":36,"column":2}},"loc":{"start":{"line":5,"column":22},"end":{"line":36,"column":2}},"line":5},"1":{"name":"handleChange","decl":{"start":{"line":8,"column":23},"end":{"line":12,"column":4}},"loc":{"start":{"line":8,"column":23},"end":{"line":12,"column":4}},"line":8}},"f":{"0":18,"1":4}}
,"/Users/puzzle/Desktop/Holberton_School_Projects/atlas-react-testing/src/hooks/usePlaylistData.tsx": {"path":"/Users/puzzle/Desktop/Holberton_School_Projects/atlas-react-testing/src/hooks/usePlaylistData.tsx","all":false,"statementMap":{"0":{"start":{"line":1,"column":0},"end":{"line":1,"column":44}},"10":{"start":{"line":11,"column":0},"end":{"line":11,"column":31}},"11":{"start":{"line":12,"column":0},"end":{"line":12,"column":47}},"12":{"start":{"line":13,"column":0},"end":{"line":13,"column":47}},"14":{"start":{"line":15,"column":0},"end":{"line":15,"column":19}},"15":{"start":{"line":16,"column":0},"end":{"line":16,"column":39}},"16":{"start":{"line":17,"column":0},"end":{"line":17,"column":11}},"17":{"start":{"line":18,"column":0},"end":{"line":18,"column":37}},"18":{"start":{"line":19,"column":0},"end":{"line":19,"column":95}},"19":{"start":{"line":20,"column":0},"end":{"line":20,"column":10}},"20":{"start":{"line":21,"column":0},"end":{"line":21,"column":45}},"21":{"start":{"line":22,"column":0},"end":{"line":22,"column":24}},"22":{"start":{"line":23,"column":0},"end":{"line":23,"column":23}},"23":{"start":{"line":24,"column":0},"end":{"line":24,"column":57}},"24":{"start":{"line":25,"column":0},"end":{"line":25,"column":17}},"25":{"start":{"line":26,"column":0},"end":{"line":26,"column":26}},"26":{"start":{"line":27,"column":0},"end":{"line":27,"column":7}},"27":{"start":{"line":28,"column":0},"end":{"line":28,"column":6}},"29":{"start":{"line":30,"column":0},"end":{"line":30,"column":20}},"30":{"start":{"line":31,"column":0},"end":{"line":31,"column":9}},"32":{"start":{"line":33,"column":0},"end":{"line":33,"column":27}},"33":{"start":{"line":34,"column":0},"end":{"line":34,"column":2}},"35":{"start":{"line":36,"column":0},"end":{"line":36,"column":31}}},"s":{"0":1,"10":1,"11":26,"12":26,"14":26,"15":8,"16":8,"17":8,"18":8,"19":8,"20":7,"21":7,"22":7,"23":0,"24":7,"25":7,"26":7,"27":8,"29":8,"30":26,"32":26,"33":26,"35":1},"branchMap":{"0":{"type":"branch","line":11,"loc":{"start":{"line":11,"column":24},"end":{"line":34,"column":2}},"locations":[{"start":{"line":11,"column":24},"end":{"line":34,"column":2}}]},"1":{"type":"branch","line":15,"loc":{"start":{"line":15,"column":12},"end":{"line":31,"column":5}},"locations":[{"start":{"line":15,"column":12},"end":{"line":31,"column":5}}]},"2":{"type":"branch","line":16,"loc":{"start":{"line":16,"column":26},"end":{"line":28,"column":6}},"locations":[{"start":{"line":16,"column":26},"end":{"line":28,"column":6}}]},"3":{"type":"branch","line":20,"loc":{"start":{"line":20,"column":8},"end":{"line":27,"column":7}},"locations":[{"start":{"line":20,"column":8},"end":{"line":27,"column":7}}]},"4":{"type":"branch","line":23,"loc":{"start":{"line":23,"column":6},"end":{"line":25,"column":8}},"locations":[{"start":{"line":23,"column":6},"end":{"line":25,"column":8}}]}},"b":{"0":[26],"1":[8],"2":[8],"3":[7],"4":[0]},"fnMap":{"0":{"name":"usePlaylistData","decl":{"start":{"line":11,"column":24},"end":{"line":34,"column":2}},"loc":{"start":{"line":11,"column":24},"end":{"line":34,"column":2}},"line":11},"1":{"name":"fetchPlaylist","decl":{"start":{"line":16,"column":26},"end":{"line":28,"column":6}},"loc":{"start":{"line":16,"column":26},"end":{"line":28,"column":6}},"line":16}},"f":{"0":26,"1":8}}
}
